Determining if the pthread_create exist failed with the following output:
Change Dir: /home/dmitry/Documents/Projects/opticalFlow_TwoStreamNN/opt_flow/build/CMakeFiles/CMakeTmp

Run Build Command:"/usr/bin/make" "cmTC_b5629/fast"
/usr/bin/make -f CMakeFiles/cmTC_b5629.dir/build.make CMakeFiles/cmTC_b5629.dir/build
make[1]: Entering directory '/home/dmitry/Documents/Projects/opticalFlow_TwoStreamNN/opt_flow/build/CMakeFiles/CMakeTmp'
Building C object CMakeFiles/cmTC_b5629.dir/CheckSymbolExists.c.o
/usr/bin/cc    -fPIC    -o CMakeFiles/cmTC_b5629.dir/CheckSymbolExists.c.o   -c /home/dmitry/Documents/Projects/opticalFlow_TwoStreamNN/opt_flow/build/CMakeFiles/CMakeTmp/CheckSymbolExists.c
Linking C executable cmTC_b5629
/usr/bin/cmake -E cmake_link_script CMakeFiles/cmTC_b5629.dir/link.txt --verbose=1
/usr/bin/cc  -fPIC     CMakeFiles/cmTC_b5629.dir/CheckSymbolExists.c.o  -o cmTC_b5629 
CMakeFiles/cmTC_b5629.dir/CheckSymbolExists.c.o: In function `main':
CheckSymbolExists.c:(.text+0x1b): undefined reference to `pthread_create'
collect2: error: ld returned 1 exit status
CMakeFiles/cmTC_b5629.dir/build.make:97: recipe for target 'cmTC_b5629' failed
make[1]: *** [cmTC_b5629] Error 1
make[1]: Leaving directory '/home/dmitry/Documents/Projects/opticalFlow_TwoStreamNN/opt_flow/build/CMakeFiles/CMakeTmp'
Makefile:126: recipe for target 'cmTC_b5629/fast' failed
make: *** [cmTC_b5629/fast] Error 2

File /home/dmitry/Documents/Projects/opticalFlow_TwoStreamNN/opt_flow/build/CMakeFiles/CMakeTmp/CheckSymbolExists.c:
/* */
#include <pthread.h>

int main(int argc, char** argv)
{
  (void)argv;
#ifndef pthread_create
  return ((int*)(&pthread_create))[argc];
#else
  (void)argc;
  return 0;
#endif
}

Determining if the function pthread_create exists in the pthreads failed with the following output:
Change Dir: /home/dmitry/Documents/Projects/opticalFlow_TwoStreamNN/opt_flow/build/CMakeFiles/CMakeTmp

Run Build Command:"/usr/bin/make" "cmTC_1a927/fast"
/usr/bin/make -f CMakeFiles/cmTC_1a927.dir/build.make CMakeFiles/cmTC_1a927.dir/build
make[1]: Entering directory '/home/dmitry/Documents/Projects/opticalFlow_TwoStreamNN/opt_flow/build/CMakeFiles/CMakeTmp'
Building C object CMakeFiles/cmTC_1a927.dir/CheckFunctionExists.c.o
/usr/bin/cc    -fPIC -DCHECK_FUNCTION_EXISTS=pthread_create   -o CMakeFiles/cmTC_1a927.dir/CheckFunctionExists.c.o   -c /usr/share/cmake-3.5/Modules/CheckFunctionExists.c
Linking C executable cmTC_1a927
/usr/bin/cmake -E cmake_link_script CMakeFiles/cmTC_1a927.dir/link.txt --verbose=1
/usr/bin/cc  -fPIC -DCHECK_FUNCTION_EXISTS=pthread_create    CMakeFiles/cmTC_1a927.dir/CheckFunctionExists.c.o  -o cmTC_1a927 -lpthreads 
/usr/bin/ld: cannot find -lpthreads
collect2: error: ld returned 1 exit status
CMakeFiles/cmTC_1a927.dir/build.make:97: recipe for target 'cmTC_1a927' failed
make[1]: *** [cmTC_1a927] Error 1
make[1]: Leaving directory '/home/dmitry/Documents/Projects/opticalFlow_TwoStreamNN/opt_flow/build/CMakeFiles/CMakeTmp'
Makefile:126: recipe for target 'cmTC_1a927/fast' failed
make: *** [cmTC_1a927/fast] Error 2


